#
# A fatal error has been detected by the Java Runtime Environment:
#
#  EXCEPTION_PRIV_INSTRUCTION (0xc0000096) at pc=0x029b2961, pid=7592, tid=19572
#
# JRE version: 7.0_01-b08
# Java VM: Java HotSpot(TM) Client VM (21.1-b02 mixed mode, sharing windows-x86 )
# Problematic frame:
# j  java.awt.image.Raster.createPackedRaster(III[ILjava/awt/Point;)Ljava/awt/image/WritableRaster;+69
#
# Failed to write core dump. Minidumps are not enabled by default on client versions of Windows
#
# If you would like to submit a bug report, please visit:
#   http://bugreport.sun.com/bugreport/crash.jsp
#

---------------  T H R E A D  ---------------

Current thread (0x0aba7800):  JavaThread "Image Fetcher 0" daemon [_thread_in_Java, id=19572, stack(0x0d3f0000,0x0d440000)]

siginfo: ExceptionCode=0xc0000096

Registers:
EAX=0x00000000, EBX=0x00000040, ECX=0x00000f00, EDX=0x00000008
ESP=0x0d43edf8, EBP=0x0d43ee60, ESI=0x0d43ee40, EDI=0x0d43ee7c
EIP=0x029b2961, EFLAGS=0x00010216

Top of Stack: (sp=0x0d43edf8)
0x0d43edf8:   0d43ee7c 0d43ee40 0d43ee60 0d43ee18
0x0d43ee08:   00000040 029b3187 270f9348 00000000
0x0d43ee18:   029b295b 553a46d0 00000000 3ff00000
0x0d43ee28:   00000000 3ff00000 00003187 00000640
0x0d43ee38:   270f9348 270f9348 0d43ee40 3b1f0d5d
0x0d43ee48:   0d43ee7c 3bd00740 00000000 3bd01680
0x0d43ee58:   0d43ee34 0d43ee6c 0d43eea0 029b331a
0x0d43ee68:   00000000 00000000 270f9330 029b331a 

Instructions: (pc=0x029b2961)
0x029b2941:   00 47 3a 55 e8 00 00 00 00 60 e8 a0 cc 90 52 f4
0x029b2951:   68 d0 46 3a 55 e8 00 00 00 00 60 e8 8f cc 90 52
0x029b2961:   f4 66 90 00 00 00 00 00 00 00 00 00 00 00 00 a0
0x029b2971:   18 00 00 bc 46 3a 55 ff ff ff ff 00 00 00 00 8b 


Register to memory mapping:

EAX=0x00000000 is an unknown value
EBX=0x00000040 is an unknown value
ECX=0x00000f00 is an unknown value
EDX=0x00000008 is an unknown value
ESP=0x0d43edf8 is pointing into the stack for thread: 0x0aba7800
EBP=0x0d43ee60 is pointing into the stack for thread: 0x0aba7800
ESI=0x0d43ee40 is pointing into the stack for thread: 0x0aba7800
EDI=0x0d43ee7c is pointing into the stack for thread: 0x0aba7800


Stack: [0x0d3f0000,0x0d440000],  sp=0x0d43edf8,  free space=315k
Native frames: (J=compiled Java code, j=interpreted, Vv=VM code, C=native code)
j  java.awt.image.Raster.createPackedRaster(III[ILjava/awt/Point;)Ljava/awt/image/WritableRaster;+69
j  java.awt.image.DirectColorModel.createCompatibleWritableRaster(II)Ljava/awt/image/WritableRaster;+109
j  sun.awt.image.ImageRepresentation.createBufferedImage()V+18
j  sun.awt.image.ImageRepresentation.setPixels(IIIILjava/awt/image/ColorModel;[III)V+47
j  sun.awt.image.ImageDecoder.setPixels(IIIILjava/awt/image/ColorModel;[III)I+44
j  sun.awt.image.JPEGImageDecoder.sendPixels([II)Z+14
v  ~StubRoutines::call_stub
V  [jvm.dll+0x122c7e]
V  [jvm.dll+0x1c9c0e]
V  [jvm.dll+0x122d0d]
V  [jvm.dll+0xa7a7a]
V  [jvm.dll+0xa811f]
C  [jpeg.dll+0x4849]  Java_sun_awt_image_JPEGImageDecoder_readImage+0x4c9


---------------  P R O C E S S  ---------------

Java Threads: ( => current thread )
=>0x0aba7800 JavaThread "Image Fetcher 0" daemon [_thread_in_Java, id=19572, stack(0x0d3f0000,0x0d440000)]
  0x0ab8b400 JavaThread "Thread-3" [_thread_blocked, id=20068, stack(0x0eb70000,0x0ebc0000)]
  0x0aa3b800 JavaThread "TimerQueue" daemon [_thread_blocked, id=10024, stack(0x0d270000,0x0d2c0000)]
  0x0a940400 JavaThread "DestroyJavaVM" [_thread_blocked, id=11164, stack(0x00420000,0x00470000)]
  0x0a91b000 JavaThread "AWT-EventQueue-0" [_thread_blocked, id=10412, stack(0x0a700000,0x0a750000)]
  0x04e9f000 JavaThread "AWT-Windows" daemon [_thread_in_native, id=11928, stack(0x05460000,0x054b0000)]
  0x04e9e800 JavaThread "AWT-Shutdown" [_thread_blocked, id=13896, stack(0x00a40000,0x00a90000)]
  0x04e9c000 JavaThread "Java2D Disposer" daemon [_thread_blocked, id=12872, stack(0x05150000,0x051a0000)]
  0x04dd7800 JavaThread "Service Thread" daemon [_thread_blocked, id=11552, stack(0x051c0000,0x05210000)]
  0x04dd1000 JavaThread "C1 CompilerThread0" daemon [_thread_blocked, id=15272, stack(0x04ba0000,0x04bf0000)]
  0x04dcf000 JavaThread "Attach Listener" daemon [_thread_blocked, id=11236, stack(0x05090000,0x050e0000)]
  0x04dcb000 JavaThread "Signal Dispatcher" daemon [_thread_blocked, id=3292, stack(0x04b40000,0x04b90000)]
  0x02887800 JavaThread "Finalizer" daemon [_thread_blocked, id=5264, stack(0x04d60000,0x04db0000)]
  0x02886000 JavaThread "Reference Handler" daemon [_thread_blocked, id=13044, stack(0x04c50000,0x04ca0000)]

Other Threads:
  0x02882000 VMThread [stack: 0x04a80000,0x04ad0000] [id=19172]
  0x04de9800 WatcherThread [stack: 0x050e0000,0x05130000] [id=8284]

VM state:not at safepoint (normal execution)

VM Mutex/Monitor currently owned by a thread: None

Heap
 def new generation   total 4928K, used 1161K [0x27010000, 0x27560000, 0x2c560000)
  eden space 4416K,  21% used [0x27010000, 0x270fb3a8, 0x27460000)
  from space 512K,  43% used [0x27460000, 0x274970e0, 0x274e0000)
  to   space 512K,   0% used [0x274e0000, 0x274e0000, 0x27560000)
 tenured generation   total 10944K, used 3981K [0x2c560000, 0x2d010000, 0x37010000)
   the space 10944K,  36% used [0x2c560000, 0x2c9436d8, 0x2c943800, 0x2d010000)
 compacting perm gen  total 12288K, used 1521K [0x37010000, 0x37c10000, 0x3b010000)
   the space 12288K,  12% used [0x37010000, 0x3718c710, 0x3718c800, 0x37c10000)
    ro space 10240K,  42% used [0x3b010000, 0x3b44c7b0, 0x3b44c800, 0x3ba10000)
    rw space 12288K,  53% used [0x3ba10000, 0x3c088210, 0x3c088400, 0x3c610000)

Code Cache  [0x029b0000, 0x02af0000, 0x049b0000)
 total_blobs=835 nmethods=606 adapters=161 free_code_cache=31508Kb largest_free_block=32264256

Dynamic libraries:
0x00dc0000 - 0x00def000 	C:\Program Files (x86)\Java\jre7\bin\javaw.exe
0x77170000 - 0x772f0000 	C:\Windows\SysWOW64\ntdll.dll
0x76550000 - 0x76660000 	C:\Windows\syswow64\kernel32.dll
0x76740000 - 0x76787000 	C:\Windows\syswow64\KERNELBASE.dll
0x76120000 - 0x761c0000 	C:\Windows\syswow64\ADVAPI32.dll
0x76040000 - 0x760ec000 	C:\Windows\syswow64\msvcrt.dll
0x75cf0000 - 0x75d09000 	C:\Windows\SysWOW64\sechost.dll
0x76310000 - 0x76400000 	C:\Windows\syswow64\RPCRT4.dll
0x74c80000 - 0x74ce0000 	C:\Windows\syswow64\SspiCli.dll
0x74c70000 - 0x74c7c000 	C:\Windows\syswow64\CRYPTBASE.dll
0x76790000 - 0x76890000 	C:\Windows\syswow64\USER32.dll
0x766b0000 - 0x76740000 	C:\Windows\syswow64\GDI32.dll
0x76670000 - 0x7667a000 	C:\Windows\syswow64\LPK.dll
0x74fd0000 - 0x7506d000 	C:\Windows\syswow64\USP10.dll
0x74370000 - 0x7450e000 	C:\Windows\WinSxS\x86_microsoft.windows.common-controls_6595b64144ccf1df_6.0.7601.17514_none_41e6975e2bd6f2b2\COMCTL32.dll
0x76d10000 - 0x76d67000 	C:\Windows\syswow64\SHLWAPI.dll
0x74170000 - 0x741bc000 	C:\Windows\system32\apphelp.dll
0x5db80000 - 0x5dc0d000 	C:\Windows\AppPatch\AcLayers.DLL
0x75070000 - 0x75cba000 	C:\Windows\syswow64\SHELL32.dll
0x75d10000 - 0x75e6c000 	C:\Windows\syswow64\ole32.dll
0x75f70000 - 0x75fff000 	C:\Windows\syswow64\OLEAUT32.dll
0x74b70000 - 0x74b87000 	C:\Windows\system32\USERENV.dll
0x74b60000 - 0x74b6b000 	C:\Windows\system32\profapi.dll
0x727b0000 - 0x72801000 	C:\Windows\system32\WINSPOOL.DRV
0x6e400000 - 0x6e412000 	C:\Windows\system32\MPR.dll
0x556d0000 - 0x558e8000 	C:\Windows\AppPatch\AcGenral.DLL
0x71600000 - 0x71680000 	C:\Windows\system32\UxTheme.dll
0x747a0000 - 0x747d2000 	C:\Windows\system32\WINMM.dll
0x746b0000 - 0x746bf000 	C:\Windows\system32\samcli.dll
0x71910000 - 0x71924000 	C:\Windows\system32\MSACM32.dll
0x74ba0000 - 0x74ba9000 	C:\Windows\system32\VERSION.dll
0x71330000 - 0x71333000 	C:\Windows\system32\sfc.dll
0x6e740000 - 0x6e74d000 	C:\Windows\system32\sfc_os.DLL
0x73180000 - 0x73193000 	C:\Windows\system32\dwmapi.dll
0x76aa0000 - 0x76c3d000 	C:\Windows\syswow64\SETUPAPI.dll
0x76680000 - 0x766a7000 	C:\Windows\syswow64\CFGMGR32.dll
0x75cd0000 - 0x75ce2000 	C:\Windows\syswow64\DEVOBJ.dll
0x761c0000 - 0x76300000 	C:\Windows\syswow64\urlmon.dll
0x760f0000 - 0x7611f000 	C:\Windows\syswow64\XmlLite.dll
0x75e70000 - 0x75f65000 	C:\Windows\syswow64\WININET.dll
0x74ce0000 - 0x74ee1000 	C:\Windows\syswow64\iertutil.dll
0x76970000 - 0x76a91000 	C:\Windows\syswow64\CRYPT32.dll
0x75cc0000 - 0x75ccc000 	C:\Windows\syswow64\MSASN1.dll
0x55470000 - 0x556c9000 	C:\Windows\AppPatch\AcXtrnal.DLL
0x67070000 - 0x67076000 	C:\Windows\system32\SHUNIMPL.DLL
0x5dc10000 - 0x5dc21000 	C:\Windows\system32\SortWindows6Compat.dll
0x74f70000 - 0x74fd0000 	C:\Windows\system32\IMM32.DLL
0x76c40000 - 0x76d0c000 	C:\Windows\syswow64\MSCTF.dll
0x10000000 - 0x1001c000 	C:\PROGRA~2\COMMON~1\Baidu\BDWEBA~1\20320~1.0\BDEWebAdapterFrame.dll
0x73b50000 - 0x73b79000 	C:\Windows\SysWOW64\nvinit.dll
0x0f000000 - 0x0f006000 	C:\Program Files (x86)\NVIDIA Corporation\CoProcManager\_etoured.dll
0x73600000 - 0x73653000 	C:\Program Files (x86)\NVIDIA Corporation\CoProcManager\nvd3d9wrap.dll
0x71680000 - 0x716bb000 	C:\Program Files (x86)\NVIDIA Corporation\CoProcManager\nvdxgiwrap.dll
0x5ac50000 - 0x5ad0e000 	C:\Program Files (x86)\Java\jre7\bin\msvcr100.dll
0x55140000 - 0x55461000 	C:\Program Files (x86)\Java\jre7\bin\client\jvm.dll
0x73f50000 - 0x73f57000 	C:\Windows\system32\WSOCK32.dll
0x76000000 - 0x76035000 	C:\Windows\syswow64\WS2_32.dll
0x76300000 - 0x76306000 	C:\Windows\syswow64\NSI.dll
0x76660000 - 0x76665000 	C:\Windows\syswow64\PSAPI.DLL
0x5db40000 - 0x5db4c000 	C:\Program Files (x86)\Java\jre7\bin\verify.dll
0x5a300000 - 0x5a320000 	C:\Program Files (x86)\Java\jre7\bin\java.dll
0x5a2e0000 - 0x5a2f3000 	C:\Program Files (x86)\Java\jre7\bin\zip.dll
0x72090000 - 0x721d2000 	C:\Program Files (x86)\Java\jre7\bin\awt.dll
0x05b70000 - 0x06038000 	C:\Windows\system32\SOGOUPY.IME
0x73e00000 - 0x73e05000 	C:\Windows\system32\MSIMG32.dll
0x716c0000 - 0x716fc000 	C:\Windows\system32\OLEACC.dll
0x73660000 - 0x73681000 	C:\Windows\system32\ntmarta.dll
0x76890000 - 0x768d5000 	C:\Windows\syswow64\WLDAP32.dll
0x722c0000 - 0x722e3000 	C:\Program Files (x86)\SogouInput\Components\SgAppender\1.0.0.207\SgAppender_Dll.dll
0x71380000 - 0x714da000 	C:\Program Files (x86)\SogouInput\Components\PicFace\1.0.0.1272\PicFace.dll
0x6f520000 - 0x6f54a000 	C:\Program Files (x86)\Java\jre7\bin\fontmanager.dll
0x5a100000 - 0x5a114000 	C:\Program Files (x86)\Java\jre7\bin\net.dll
0x73700000 - 0x7373c000 	C:\Windows\system32\mswsock.dll
0x73140000 - 0x73146000 	C:\Windows\System32\wship6.dll
0x5db30000 - 0x5db3f000 	C:\Program Files (x86)\Java\jre7\bin\nio.dll
0x6f4e0000 - 0x6f511000 	C:\Program Files (x86)\Java\jre7\bin\t2k.dll
0x71f80000 - 0x71fa5000 	C:\Program Files (x86)\Java\jre7\bin\jpeg.dll
0x764c0000 - 0x76543000 	C:\Windows\syswow64\CLBCatQ.DLL
0x6dc30000 - 0x6dd2b000 	C:\Windows\system32\WindowsCodecs.dll
0x0bf10000 - 0x0bfea000 	C:\Program Files (x86)\SogouInput\7.5.0.5550\Resource.dll
0x71f50000 - 0x71f74000 	C:\Program Files (x86)\Java\jre7\bin\dcpr.dll
0x72810000 - 0x72886000 	C:\Windows\system32\RICHED20.DLL

VM Arguments:
jvm_args: -Dfile.encoding=GBK 
java_command: ChatClient
Launcher Type: SUN_STANDARD

Environment Variables:
JAVA_HOME=C:\Program Files (x86)\Java\jdk1.7.0_01
CLASSPATH=.;C:\Program Files (x86)\Java\jdk1.7.0_01\lib;C:\Program Files (x86)\Java\jdk1.7.0_01\lib\tools.jar
PATH=C:/Program Files (x86)/Java/jre7/bin/client;C:/Program Files (x86)/Java/jre7/bin;C:/Program Files (x86)/Java/jre7/lib/i386;D:\Oracle\app\oracle\product\10.2.0\server\BIN;C:\Program Files (x86)\NVIDIA Corporation\PhysX\Common;C:\Windows\system32;C:\Windows;C:\Windows\System32\Wbem;C:\Windows\System32\WindowsPowerShell\v1.0\;C:\Program Files (x86)\Java\jdk1.7.0_01\bin;C:\Program Files (x86)\Java\jdk1.7.0_01\jre\bin;D:\tomcat\tomcat\apache-tomcat-6.0.26\bin;D:\Eclipse\eclipse-jee-juno-SR2-win32\eclipse;
USERNAME=Administrator
OS=Windows_NT
PROCESSOR_IDENTIFIER=Intel64 Family 6 Model 42 Stepping 7, GenuineIntel



---------------  S Y S T E M  ---------------

OS: Windows 7 , 64 bit Build 7600 

CPU:total 4 (2 cores per cpu, 2 threads per core) family 6 model 42 stepping 7, cmov, cx8, fxsr, mmx, sse, sse2, sse3, ssse3, sse4.1, sse4.2, popcnt, ht

Memory: 4k page, physical 1933616k(396972k free), swap 4569168k(875872k free)

vm_info: Java HotSpot(TM) Client VM (21.1-b02) for windows-x86 JRE (1.7.0_01-b08), built on Oct  3 2011 02:11:36 by "java_re" with unknown MS VC++:1600

time: Sun Apr 26 16:45:05 2015
elapsed time: 226 seconds

